<?xml version="1.0" encoding="UTF-8"?>
<testng-results ignored="1" total="2" passed="1" failed="0" skipped="0">
  <reporter-output>
  </reporter-output>
  <suite started-at="2022-05-20T16:01:55 IST" name="Suite=AJ" finished-at="2022-05-20T16:01:55 IST" duration-ms="67">
    <groups>
    </groups>
    <test started-at="2022-05-20T16:01:55 IST" name="Test" finished-at="2022-05-20T16:01:55 IST" duration-ms="67">
      <class name="Testing.Testingtime2">
        <test-method is-config="true" signature="beofreclass()[pri:0, instance:Testing.Testingtime2@1e683a3e]" started-at="2022-05-20T16:01:55 IST" name="beofreclass" finished-at="2022-05-20T16:01:55 IST" duration-ms="13" status="PASS">
          <reporter-output>
          </reporter-output>
        </test-method> <!-- beofreclass -->
        <test-method signature="test()[pri:0, instance:Testing.Testingtime2@1e683a3e]" started-at="2022-05-20T16:01:55 IST" name="test" finished-at="2022-05-20T16:01:55 IST" duration-ms="5" status="PASS">
          <reporter-output>
          </reporter-output>
        </test-method> <!-- test -->
        <test-method is-config="true" signature="aftergroup()[pri:0, instance:Testing.Testingtime2@1e683a3e]" started-at="2022-05-20T16:01:55 IST" name="aftergroup" finished-at="2022-05-20T16:01:55 IST" duration-ms="1" status="PASS">
          <reporter-output>
          </reporter-output>
        </test-method> <!-- aftergroup -->
      </class> <!-- Testing.Testingtime2 -->
    </test> <!-- Test -->
  </suite> <!-- Suite=AJ -->
</testng-results>
